Vivado Simulator v2023.1
Copyright 1986-2022 Xilinx, Inc. All Rights Reserved.
Copyright 2022-2023 Advanced Micro Devices, Inc. All Rights Reserved.
Running: G:/Vivado/Vivado/2023.1/bin/unwrapped/win64.o/xelab.exe --incr --debug typical --relax --mt 2 -L xil_defaultlib -L blk_mem_gen_v8_4_6 -L unisims_ver -L unimacro_ver -L secureip -L xpm --snapshot source_data_1_9_tb_behav xil_defaultlib.source_data_1_9_tb xil_defaultlib.glbl -log elaborate.log 
Using 2 slave threads.
Starting static elaboration
Pass Through NonSizing Optimizer
Completed static elaboration
Starting simulation data flow analysis
Completed simulation data flow analysis
Time Resolution for simulation is 1ps
Compiling module blk_mem_gen_v8_4_6.blk_mem_gen_v8_4_6_output_stage(...
Compiling module blk_mem_gen_v8_4_6.blk_mem_gen_v8_4_6_output_stage(...
Compiling module blk_mem_gen_v8_4_6.blk_mem_gen_v8_4_6_softecc_outpu...
Compiling module blk_mem_gen_v8_4_6.blk_mem_gen_v8_4_6_mem_module(C_...
Compiling module blk_mem_gen_v8_4_6.blk_mem_gen_v8_4_6(C_FAMILY="art...
Compiling module xil_defaultlib.hanning_bram
Compiling module xil_defaultlib.Hanning_read
Compiling module xil_defaultlib.source_data_1_9
Compiling module xil_defaultlib.source_data_1_9_tb
Compiling module xil_defaultlib.glbl
Built simulation snapshot source_data_1_9_tb_behav
